Event[0]:
  Log Name: System
  Source: Service Control Manager
  Date: 2019-03-10T00:11:11.293
  Event ID: 7040
  Task: N/A
  Level: Information
  Opcode: N/A
  Keyword: Classic
  User: S-1-5-18
  User Name: NT AUTHORITY\SYSTEM
  Computer: DESKTOP-Jeremie
  Description: 
The start type of the Background Intelligent Transfer Service service was changed from auto start to demand start.

Event[1]:
  Log Name: System
  Source: Service Control Manager
  Date: 2019-03-10T00:07:50.595
  Event ID: 7040
  Task: N/A
  Level: Information
  Opcode: N/A
  Keyword: Classic
  User: S-1-5-18
  User Name: NT AUTHORITY\SYSTEM
  Computer: DESKTOP-Jeremie
  Description: 
The start type of the Background Intelligent Transfer Service service was changed from demand start to auto start.

Event[2]:
  Log Name: System
  Source: Microsoft-Windows-Kernel-General
  Date: 2019-03-09T22:36:57.106
  Event ID: 16
  Task: N/A
  Level: Information
  Opcode: Info
  Keyword: N/A
  User: S-1-5-18
  User Name: NT AUTHORITY\SYSTEM
  Computer: DESKTOP-Jeremie
  Description: 
The access history in hive \??\C:\Users\Jeremie\AppData\Local\Packages\Microsoft.AAD.BrokerPlugin_cw5n1h2txyewy\Settings\settings.dat was cleared updating 6 keys and creating 1 modified pages.

Event[3]:
  Log Name: System
  Source: Microsoft-Windows-Kernel-General
  Date: 2019-03-09T22:36:47.232
  Event ID: 16
  Task: N/A
  Level: Information
  Opcode: Info
  Keyword: N/A
  User: S-1-5-18
  User Name: NT AUTHORITY\SYSTEM
  Computer: DESKTOP-Jeremie
  Description: 
The access history in hive \??\C:\Users\Jeremie\AppData\Local\Packages\Microsoft.Office.OneNote_8wekyb3d8bbwe\Settings\settings.dat was cleared updating 310 keys and creating 76 modified pages.

Event[0]:
  Log Name: Application
  Source: ESENT
  Date: 2019-03-10T00:15:00.034
  Event ID: 916
  Task: General
  Level: Information
  Opcode: Info
  Keyword: Classic
  User: N/A
  User Name: N/A
  Computer: DESKTOP-Jeremie
  Description: 
svchost (3488,G,98) The beta feature EseDiskFlushConsistency is enabled in ESENT due to the beta site mode settings 0x800000.

Event[1]:
  Log Name: Application
  Source: ESENT
  Date: 2019-03-10T00:07:50.621
  Event ID: 916
  Task: General
  Level: Information
  Opcode: Info
  Keyword: Classic
  User: N/A
  User Name: N/A
  Computer: DESKTOP-Jeremie
  Description: 
svchost (17032,G,98) The beta feature EseDiskFlushConsistency is enabled in ESENT due to the beta site mode settings 0x800000.

Event[2]:
  Log Name: Application
  Source: ESENT
  Date: 2019-03-09T23:55:42.500
  Event ID: 916
  Task: General
  Level: Information
  Opcode: Info
  Keyword: Classic
  User: N/A
  User Name: N/A
  Computer: DESKTOP-Jeremie
  Description: 
SettingSyncHost (7736,G,98) The beta feature EseDiskFlushConsistency is enabled in ESENT due to the beta site mode settings 0x800000.

Event[3]:
  Log Name: Application
  Source: Microsoft-Windows-SpellChecker
  Date: 2019-03-09T23:45:24.387
  Event ID: 33
  Task: Setup
  Level: Error
  Opcode: Info
  Keyword: N/A
  User: S-1-5-21-3470025348-310746195-2417786417-1001
  User Name: DESKTOP-JEREMIE\Jeremie
  Computer: DESKTOP-Jeremie
  Description: 
Failed to add hardcoded change pair "http -> http" to engine: Not implemented. The spell checker will still be available.

